=== Submitting jobs for dataset IDs 10 through 19 ===
Submitting job for Dataset ID: 10
Submitted batch job 3871364
Successfully submitted job for Dataset ID: 10
-------------------------------------
Submitting job for Dataset ID: 11
Submitted batch job 3871365
Successfully submitted job for Dataset ID: 11
-------------------------------------
Submitting job for Dataset ID: 12
Submitted batch job 3871366
Successfully submitted job for Dataset ID: 12
-------------------------------------
Submitting job for Dataset ID: 13
Submitted batch job 3871367
Successfully submitted job for Dataset ID: 13
-------------------------------------
Submitting job for Dataset ID: 14
Submitted batch job 3871368
Successfully submitted job for Dataset ID: 14
-------------------------------------
Submitting job for Dataset ID: 15
Submitted batch job 3871369
Successfully submitted job for Dataset ID: 15
-------------------------------------
Submitting job for Dataset ID: 16
Submitted batch job 3871370
Successfully submitted job for Dataset ID: 16
-------------------------------------
Submitting job for Dataset ID: 17
Submitted batch job 3871371
Successfully submitted job for Dataset ID: 17
-------------------------------------
Submitting job for Dataset ID: 18
Submitted batch job 3871372
Successfully submitted job for Dataset ID: 18
-------------------------------------
Submitting job for Dataset ID: 19
Submitted batch job 3871373
Successfully submitted job for Dataset ID: 19
-------------------------------------
=== All jobs submitted ===
