=== Submitting jobs for dataset IDs 10 through 19 ===
Submitting job for Dataset ID: 15
Submitted batch job 4027242
Successfully submitted job for Dataset ID: 15
-------------------------------------
Submitting job for Dataset ID: 16
Submitted batch job 4027243
Successfully submitted job for Dataset ID: 16
-------------------------------------
Submitting job for Dataset ID: 17
Submitted batch job 4027244
Successfully submitted job for Dataset ID: 17
-------------------------------------
Submitting job for Dataset ID: 18
Submitted batch job 4027245
Successfully submitted job for Dataset ID: 18
-------------------------------------
Submitting job for Dataset ID: 19
Submitted batch job 4027246
Successfully submitted job for Dataset ID: 19
-------------------------------------
=== All jobs submitted ===
